#
# A fatal error has been detected by the Java Runtime Environment:
#
#  Internal Error (javaClasses.cpp:124), pid=6868, tid=6884
#  fatal error: Invalid layout of preloaded class
#
# JRE version:  (8.0_11-b12) (build )
# Java VM: Java HotSpot(TM) Client VM (25.11-b03 mixed mode windows-x86 )
# Failed to write core dump. Minidumps are not enabled by default on client versions of Windows
#
# If you would like to submit a bug report, please visit:
#   http://bugreport.sun.com/bugreport/crash.jsp
#

---------------  T H R E A D  ---------------

Current thread (0x025dc000):  JavaThread "Unknown thread" [_thread_in_vm, id=6884, stack(0x026e0000,0x02730000)]

Stack: [0x026e0000,0x02730000],  sp=0x0272f8d0,  free space=318k
Native frames: (J=compiled Java code, j=interpreted, Vv=VM code, C=native code)
V  [jvm.dll+0x19231b]
V  [jvm.dll+0x18b3f6]
V  [jvm.dll+0x3ae6a]
V  [jvm.dll+0x3b020]
V  [jvm.dll+0x49d23]
V  [jvm.dll+0x9c39e]
V  [jvm.dll+0x9c662]
V  [jvm.dll+0x140b01]
V  [jvm.dll+0x164898]
V  [jvm.dll+0xd8d11]
C  [javaw.exe+0x13ce]
C  [javaw.exe+0x1e85]
C  [javaw.exe+0xab91]
C  [javaw.exe+0xac1b]
C  [kernel32.dll+0x1336a]
C  [ntdll.dll+0x39f72]
C  [ntdll.dll+0x39f45]


---------------  P R O C E S S  ---------------

Java Threads: ( => current thread )

Other Threads:

=>0x025dc000 (exited) JavaThread "Unknown thread" [_thread_in_vm, id=6884, stack(0x026e0000,0x02730000)]

VM state:not at safepoint (not fully initialized)

VM Mutex/Monitor currently owned by a thread: None

GC Heap History (0 events):
No events

Deoptimization events (0 events):
No events

Internal exceptions (0 events):
No events

Events (10 events):
Event: 0.024 loading class java/lang/CharSequence done
Event: 0.024 loading class java/lang/String done
Event: 0.024 loading class java/lang/Class
Event: 0.024 loading class java/lang/reflect/AnnotatedElement
Event: 0.024 loading class java/lang/reflect/AnnotatedElement done
Event: 0.024 loading class java/lang/reflect/GenericDeclaration
Event: 0.024 loading class java/lang/reflect/GenericDeclaration done
Event: 0.024 loading class java/lang/reflect/Type
Event: 0.024 loading class java/lang/reflect/Type done
Event: 0.024 loading class java/lang/Class done


Dynamic libraries:
0x01020000 - 0x01050000 	D:\Program Files\Java\jdk1.8.0_11\bin\javaw.exe
0x77080000 - 0x77200000 	C:\windows\SysWOW64\ntdll.dll
0x768f0000 - 0x76a00000 	C:\windows\syswow64\kernel32.dll
0x75b90000 - 0x75bd7000 	C:\windows\syswow64\KERNELBASE.dll
0x75af0000 - 0x75b90000 	C:\windows\syswow64\ADVAPI32.dll
0x758b0000 - 0x7595c000 	C:\windows\syswow64\msvcrt.dll
0x74e50000 - 0x74e69000 	C:\windows\SysWOW64\sechost.dll
0x75210000 - 0x75300000 	C:\windows\syswow64\RPCRT4.dll
0x74750000 - 0x747b0000 	C:\windows\syswow64\SspiCli.dll
0x74740000 - 0x7474c000 	C:\windows\syswow64\CRYPTBASE.dll
0x755f0000 - 0x756f0000 	C:\windows\syswow64\USER32.dll
0x753f0000 - 0x75480000 	C:\windows\syswow64\GDI32.dll
0x753e0000 - 0x753ea000 	C:\windows\syswow64\LPK.dll
0x75340000 - 0x753dd000 	C:\windows\syswow64\USP10.dll
0x72a80000 - 0x72c1e000 	C:\windows\WinSxS\x86_microsoft.windows.common-controls_6595b64144ccf1df_6.0.7601.17514_none_41e6975e2bd6f2b2\COMCTL32.dll
0x75960000 - 0x759b7000 	C:\windows\syswow64\SHLWAPI.dll
0x74f20000 - 0x74f80000 	C:\windows\system32\IMM32.DLL
0x754e0000 - 0x755ac000 	C:\windows\syswow64\MSCTF.dll
0x5ae20000 - 0x5aedf000 	D:\Program Files\Java\jdk1.8.0_11\jre\bin\msvcr100.dll
0x56e40000 - 0x571d7000 	D:\Program Files\Java\jdk1.8.0_11\jre\bin\client\jvm.dll
0x5fe50000 - 0x5fe57000 	C:\windows\system32\WSOCK32.dll
0x755b0000 - 0x755e5000 	C:\windows\syswow64\WS2_32.dll
0x74f00000 - 0x74f06000 	C:\windows\syswow64\NSI.dll
0x751d0000 - 0x75202000 	C:\windows\syswow64\WINMM.dll
0x75c60000 - 0x75c65000 	C:\windows\syswow64\PSAPI.DLL
0x60620000 - 0x6062c000 	D:\Program Files\Java\jdk1.8.0_11\jre\bin\verify.dll
0x5d6c0000 - 0x5d6e1000 	D:\Program Files\Java\jdk1.8.0_11\jre\bin\java.dll
0x5e3e0000 - 0x5e3f3000 	D:\Program Files\Java\jdk1.8.0_11\jre\bin\zip.dll
0x6ff80000 - 0x7006b000 	C:\windows\system32\dbghelp.dll

VM Arguments:
jvm_args: -Dfile.encoding=GBK -Xbootclasspath:D:\Android\Sdk\platforms\android-23\android.jar 
java_command: com.lanlengran.chinacaipu.utils.HtmlUtilActivity
java_class_path (initial): E:\JAVA\workspace\ChinaCaiPu\bin\classes;E:\JAVA\workspace\ChinaCaiPu\libs\jsoup-1.8.3.jar;E:\JAVA\workspace\appcompat_v7\libs\android-support-v4.jar;E:\JAVA\workspace\appcompat_v7\libs\android-support-v7-appcompat.jar;E:\JAVA\workspace\appcompat_v7\bin\appcompat_v7.jar
Launcher Type: SUN_STANDARD

Environment Variables:
JAVA_HOME=D:\Program Files\Java\jdk1.8.0_11
CLASSPATH=.;D:\Program Files\Java\jdk1.8.0_11\bin;D:\Program Files\Java\jdk1.8.0_11\lib\dt.jar;D:\Program Files\Java\jdk1.8.0_11\lib\tools.jar;C:\Program Files (x86)\QuickTime\QTSystem\QTJava.zip
PATH=D:/Program Files/Java/jdk1.8.0_11/bin/../jre/bin/client;D:/Program Files/Java/jdk1.8.0_11/bin/../jre/bin;D:/Program Files/Java/jdk1.8.0_11/bin/../jre/lib/i386;D:\Program Files\Java\jdk1.8.0_11\bin;D:\Program Files\Java\jdk1.8.0_11\jre\bin;C:\windows\system32;C:\windows;C:\windows\System32\Wbem;C:\windows\System32\WindowsPowerShell\v1.0\;C:\Program Files (x86)\ATI Technologies\ATI.ACE\Core-Static;C:\Program Files (x86)\QuickTime\QTSystem\;E:\JAVA\eclipse;
USERNAME=ruiqin
OS=Windows_NT
PROCESSOR_IDENTIFIER=Intel64 Family 6 Model 23 Stepping 6, GenuineIntel



---------------  S Y S T E M  ---------------

OS: Windows 7 , 64 bit Build 7601 Service Pack 1

CPU:total 4 (4 cores per cpu, 1 threads per core) family 6 model 23 stepping 6, cmov, cx8, fxsr, mmx, sse, sse2, sse3, ssse3, sse4.1, tsc

Memory: 4k page, physical 4192760k(900412k free), swap 8383660k(3252280k free)

vm_info: Java HotSpot(TM) Client VM (25.11-b03) for windows-x86 JRE (1.8.0_11-b12), built on Jun 16 2014 18:18:58 by "java_re" with MS VC++ 10.0 (VS2010)

time: Mon Mar 14 15:27:02 2016
elapsed time: 0 seconds

